#
# There is insufficient memory for the Java Runtime Environment to continue.
# Native memory allocation (malloc) failed to allocate 1048576 bytes for AllocateHeap
# Possible reasons:
#   The system is out of physical RAM or swap space
#   In 32 bit mode, the process size limit was hit
# Possible solutions:
#   Reduce memory load on the system
#   Increase physical memory or swap space
#   Check if swap backing store is full
#   Use 64 bit Java on a 64 bit OS
#   Decrease Java heap size (-Xmx/-Xms)
#   Decrease number of Java threads
#   Decrease Java thread stack sizes (-Xss)
#   Set larger code cache with -XX:ReservedCodeCacheSize=
# This output file may be truncated or incomplete.
#
#  Out of Memory Error (memory/allocation.inline.hpp:61), pid=11608, tid=19836
#
# JRE version:  (8.0_65-b17) (build )
# Java VM: Java HotSpot(TM) 64-Bit Server VM (25.65-b01 mixed mode windows-amd64 compressed oops)
# Failed to write core dump. Minidumps are not enabled by default on client versions of Windows
#

---------------  T H R E A D  ---------------

Current thread (0x000000000244e000):  JavaThread "Unknown thread" [_thread_in_vm, id=19836, stack(0x0000000002290000,0x0000000002390000)]

Stack: [0x0000000002290000,0x0000000002390000]
[error occurred during error reporting (printing stack bounds), id 0xc0000005]

Native frames: (J=compiled Java code, j=interpreted, Vv=VM code, C=native code)


---------------  P R O C E S S  ---------------

Java Threads: ( => current thread )

Other Threads:

=>0x000000000244e000 (exited) JavaThread "Unknown thread" [_thread_in_vm, id=19836, stack(0x0000000002290000,0x0000000002390000)]

VM state:not at safepoint (normal execution)

VM Mutex/Monitor currently owned by a thread: None

Heap:
 PSYoungGen      total 38400K, used 665K [0x00000000d5d00000, 0x00000000d8780000, 0x0000000100000000)
  eden space 33280K, 2% used [0x00000000d5d00000,0x00000000d5da6670,0x00000000d7d80000)
  from space 5120K, 0% used [0x00000000d8280000,0x00000000d8280000,0x00000000d8780000)
  to   space 5120K, 0% used [0x00000000d7d80000,0x00000000d7d80000,0x00000000d8280000)
 ParOldGen       total 87552K, used 0K [0x0000000081600000, 0x0000000086b80000, 0x00000000d5d00000)
  object space 87552K, 0% used [0x0000000081600000,0x0000000081600000,0x0000000086b80000)
 Metaspace       used 767K, capacity 4480K, committed 4480K, reserved 1056768K
  class space    used 75K, capacity 384K, committed 384K, reserved 1048576K

Card table byte_map: [0x0000000011910000,0x0000000011d10000] byte_map_base: 0x0000000011505000

Marking Bits: (ParMarkBitMap*) 0x000000005bbca5b0
 Begin Bits: [0x00000000123c0000, 0x0000000014368000)
 End Bits:   [0x0000000014368000, 0x0000000016310000)

Polling page: 0x0000000000a10000

CodeCache: size=245760Kb used=328Kb max_used=328Kb free=245431Kb
 bounds [0x0000000002550000, 0x00000000027c0000, 0x0000000011550000]
 total_blobs=57 nmethods=0 adapters=37
 compilation: enabled

Compilation events (0 events):
No events

GC Heap History (0 events):
No events

Deoptimization events (0 events):
No events

Internal exceptions (0 events):
No events

Events (10 events):
Event: 0.037 loading class java/lang/Short
Event: 0.037 loading class java/lang/Short done
Event: 0.037 loading class java/lang/Integer
Event: 0.037 loading class java/lang/Integer done
Event: 0.037 loading class java/lang/Long
Event: 0.037 loading class java/lang/Long done
Event: 0.038 loading class java/lang/NullPointerException
Event: 0.038 loading class java/lang/NullPointerException done
Event: 0.038 loading class java/lang/ArithmeticException
Event: 0.038 loading class java/lang/ArithmeticException done


Dynamic libraries:
0x00007ff63f180000 - 0x00007ff63f1b7000 	C:\Program Files\Java\jdk1.8.0_65\bin\java.exe
0x00007ff8c0470000 - 0x00007ff8c0631000 	C:\WINDOWS\SYSTEM32\ntdll.dll
0x00007ff8bfa00000 - 0x00007ff8bfaad000 	C:\WINDOWS\system32\KERNEL32.DLL
0x00007ff8bce70000 - 0x00007ff8bd058000 	C:\WINDOWS\system32\KERNELBASE.dll
0x00007ff8be2d0000 - 0x00007ff8be377000 	C:\WINDOWS\system32\ADVAPI32.dll
0x00007ff8bd8d0000 - 0x00007ff8bd96d000 	C:\WINDOWS\system32\msvcrt.dll
0x00007ff8bd870000 - 0x00007ff8bd8cb000 	C:\WINDOWS\system32\sechost.dll
0x00007ff8bd970000 - 0x00007ff8bda8c000 	C:\WINDOWS\system32\RPCRT4.dll
0x00007ff8c0020000 - 0x00007ff8c0176000 	C:\WINDOWS\system32\USER32.dll
0x00007ff8bded0000 - 0x00007ff8be056000 	C:\WINDOWS\system32\GDI32.dll
0x00007ff8b02a0000 - 0x00007ff8b0514000 	C:\WINDOWS\WinSxS\amd64_microsoft.windows.common-controls_6595b64144ccf1df_6.0.10586.0_none_8c15ae12515e1c22\COMCTL32.dll
0x00007ff8c01f0000 - 0x00007ff8c046d000 	C:\WINDOWS\system32\combase.dll
0x00007ff8bcbb0000 - 0x00007ff8bcc1a000 	C:\WINDOWS\system32\bcryptPrimitives.dll
0x00007ff8c01b0000 - 0x00007ff8c01eb000 	C:\WINDOWS\system32\IMM32.DLL
0x000000005bc50000 - 0x000000005bd22000 	C:\Program Files\Java\jdk1.8.0_65\jre\bin\msvcr100.dll
0x000000005b3c0000 - 0x000000005bc49000 	C:\Program Files\Java\jdk1.8.0_65\jre\bin\server\jvm.dll
0x00007ff8c0010000 - 0x00007ff8c0018000 	C:\WINDOWS\system32\PSAPI.DLL
0x00007ff8bb1a0000 - 0x00007ff8bb1c3000 	C:\WINDOWS\SYSTEM32\WINMM.dll
0x00007ff8b9430000 - 0x00007ff8b9439000 	C:\WINDOWS\SYSTEM32\WSOCK32.dll
0x00007ff8be430000 - 0x00007ff8be49b000 	C:\WINDOWS\system32\WS2_32.dll
0x00007ff8b1fe0000 - 0x00007ff8b1fea000 	C:\WINDOWS\SYSTEM32\VERSION.dll
0x00007ff8bb140000 - 0x00007ff8bb16c000 	C:\WINDOWS\SYSTEM32\WINMMBASE.dll
0x00007ff8bd6b0000 - 0x00007ff8bd6f3000 	C:\WINDOWS\system32\cfgmgr32.dll
0x000000005b3b0000 - 0x000000005b3bf000 	C:\Program Files\Java\jdk1.8.0_65\jre\bin\verify.dll
0x000000005b380000 - 0x000000005b3a9000 	C:\Program Files\Java\jdk1.8.0_65\jre\bin\java.dll
0x000000005b360000 - 0x000000005b376000 	C:\Program Files\Java\jdk1.8.0_65\jre\bin\zip.dll

VM Arguments:
jvm_args: -Dfile.encoding=UTF-8 
java_command: Office.OfficeMain
java_class_path (initial): C:\Program Files\Java\jdk1.8.0_65\jre\lib\charsets.jar;C:\Program Files\Java\jdk1.8.0_65\jre\lib\deploy.jar;C:\Program Files\Java\jdk1.8.0_65\jre\lib\ext\access-bridge-64.jar;C:\Program Files\Java\jdk1.8.0_65\jre\lib\ext\cldrdata.jar;C:\Program Files\Java\jdk1.8.0_65\jre\lib\ext\dnsns.jar;C:\Program Files\Java\jdk1.8.0_65\jre\lib\ext\jaccess.jar;C:\Program Files\Java\jdk1.8.0_65\jre\lib\ext\jfxrt.jar;C:\Program Files\Java\jdk1.8.0_65\jre\lib\ext\localedata.jar;C:\Program Files\Java\jdk1.8.0_65\jre\lib\ext\nashorn.jar;C:\Program Files\Java\jdk1.8.0_65\jre\lib\ext\sunec.jar;C:\Program Files\Java\jdk1.8.0_65\jre\lib\ext\sunjce_provider.jar;C:\Program Files\Java\jdk1.8.0_65\jre\lib\ext\sunmscapi.jar;C:\Program Files\Java\jdk1.8.0_65\jre\lib\ext\sunpkcs11.jar;C:\Program Files\Java\jdk1.8.0_65\jre\lib\ext\zipfs.jar;C:\Program Files\Java\jdk1.8.0_65\jre\lib\javaws.jar;C:\Program Files\Java\jdk1.8.0_65\jre\lib\jce.jar;C:\Program Files\Java\jdk1.8.0_65\jre\lib\jfr.jar;C:\Program Files\Java\jdk1.8.0_65\jre\lib\jfxswt.jar;C:\Program Files\Java\jdk1.8.0_65\jre\lib\jsse.jar;C:\Program Files\Java\jdk1.8.0_65\jre\lib\management-agent.jar;C:\Program Files\Java\jdk1.8.0_65\jre\lib\plugin.jar;C:\Program Files\Java\jdk1.8.0_65\jre\lib\resources.jar;C:\Program Files\Java\jdk1.8.0_65\jre\lib\rt.jar;C:\Users\Ole\IdeaProjects\OOBøving\out\production\OOPøving;C:\Users\Ole\IdeaProjects\JExercise\jexercise-standalone.jar
Launcher Type: SUN_STANDARD

Environment Variables:
PATH=C:\watcom-1.3\binnt;C:\watcom-1.3\binw;C:\ProgramData\Oracle\Java\javapath;C:\Program Files (x86)\Intel\iCLS Client\;C:\Program Files\Intel\iCLS Client\;C:\WINDOWS\system32;C:\WINDOWS;C:\WINDOWS\System32\Wbem;C:\WINDOWS\System32\WindowsPowerShell\v1.0\;C:\Program Files\Intel\Intel(R) Management Engine Components\DAL;C:\Program Files (x86)\Intel\Intel(R) Management Engine Components\DAL;C:\Program Files\Intel\Intel(R) Management Engine Components\IPT;C:\Program Files (x86)\Intel\Intel(R) Management Engine Components\IPT;c:\Program Files\Intel\WiFi\bin\;c:\Program Files\Common Files\Intel\WirelessCommon\;C:\Program Files (x86)\Windows Live\Shared;C:\Users\Ole\.dnx\bin;C:\Program Files\Microsoft DNX\Dnvm\;C:\ProgramData\chocolatey\bin;C:\Program Files\Git\cmd;C:\Program Files\Java\jdk1.8.0_65\bin;C:\WINDOWS\system32;C:\WINDOWS;C:\WINDOWS\System32\Wbem;C:\WINDOWS\System32\WindowsPowerShell\v1.0\;C:\Users\Ole\AppData\Local\Programs\Python\Python35\Scripts\;C:\Users\Ole\AppData\Local\Programs\Python\Python35\;C:\Users\Ole\AppData\Local\Code\bin;C:\pypy22\pypy-2.2.1-win32;
USERNAME=Ole
OS=Windows_NT
PROCESSOR_IDENTIFIER=Intel64 Family 6 Model 61 Stepping 4, GenuineIntel



---------------  S Y S T E M  ---------------

OS: Windows 10.0 , 64 bit Build 10586 (10.0.10586.0)

CPU:total 4 (2 cores per cpu, 2 threads per core) family 6 model 61 stepping 4, cmov, cx8, fxsr, mmx, sse, sse2, sse3, ssse3, sse4.1, sse4.2, popcnt, avx, avx2, aes, clmul, erms, 3dnowpref, lzcnt, ht, tsc, tscinvbit, bmi1, bmi2, adx

Memory: 4k page, physical 8293968k(3168944k free), swap 33459792k(5224k free)

vm_info: Java HotSpot(TM) 64-Bit Server VM (25.65-b01) for windows-amd64 JRE (1.8.0_65-b17), built on Oct  6 2015 16:39:20 by "java_re" with MS VC++ 10.0 (VS2010)

time: Wed Mar 02 18:56:38 2016
elapsed time: 0 seconds (0d 0h 0m 0s)

